<?xml version="1.0" encoding="UTF-8"?>
<!-- Generated by org.testng.reporters.JUnitReportReporter -->
<testsuite hostname="ISHLTP116" failures="0" tests="2" name="com.excellence.qa.testcases.LoginPageTest" time="25.521" errors="0" timestamp="2021-11-10T23:00:14 IST" skipped="0">
  <testcase classname="com.excellence.qa.testcases.LoginPageTest" name="verifyTitleOfPage" time="7.060"/>
  <system-out/>
  <testcase classname="com.excellence.qa.testcases.LoginPageTest" name="verifyLogin" time="18.461"/>
  <system-out/>
</testsuite> <!-- com.excellence.qa.testcases.LoginPageTest -->
